<?xml version="1.0" encoding="UTF-8"?>
<!-- Generated by org.testng.reporters.JUnitReportReporter -->
<testsuite hostname="Raghul" failures="0" tests="1" name="ApiTesting" time="2.631" errors="0" timestamp="2024-07-29T21:32:00 IST" skipped="0">
  <testcase classname="ApiTesting" name="testUser" time="2.631"/>
</testsuite> <!-- ApiTesting -->
